c:\users\rares\desktop\geometriecomputationala\gcpolygontri\x64\debug\qrc_gcpolygontri.obj
c:\users\rares\desktop\geometriecomputationala\gcpolygontri\x64\debug\main.obj
c:\users\rares\desktop\geometriecomputationala\gcpolygontri\x64\debug\gcpolygontri.obj
c:\users\rares\desktop\geometriecomputationala\gcpolygontri\x64\debug\moc_gcpolygontri.obj
c:\users\rares\desktop\geometriecomputationala\gcpolygontri\x64\debug\vc142.pdb
c:\users\rares\desktop\geometriecomputationala\gcpolygontri\x64\debug\uic\ui_gcpolygontri.h
c:\users\rares\desktop\geometriecomputationala\gcpolygontri\x64\debug\rcc\qrc_gcpolygontri.cpp
c:\users\rares\desktop\geometriecomputationala\gcpolygontri\x64\debug\moc\moc_gcpolygontri.cpp
c:\users\rares\desktop\geometriecomputationala\gcpolygontri\x64\debug\gcpolygontri.exe
c:\users\rares\desktop\geometriecomputationala\gcpolygontri\x64\debug\gcpolygontri.ilk
c:\users\rares\desktop\geometriecomputationala\gcpolygontri\x64\debug\gcpolygontri.pdb
c:\users\rares\desktop\geometriecomputationala\gcpolygontri\x64\debug\\moc\moc_gcpolygontri.cpp
c:\users\rares\desktop\geometriecomputationala\gcpolygontri\x64\debug\\rcc\qrc_gcpolygontri.cpp
c:\users\rares\desktop\geometriecomputationala\gcpolygontri\x64\debug\\uic\ui_gcpolygontri.h
c:\users\rares\desktop\geometriecomputationala\gcpolygontri\x64\debug\gcpolygontri.tlog\cl.command.1.tlog
c:\users\rares\desktop\geometriecomputationala\gcpolygontri\x64\debug\gcpolygontri.tlog\cl.read.1.tlog
c:\users\rares\desktop\geometriecomputationala\gcpolygontri\x64\debug\gcpolygontri.tlog\cl.write.1.tlog
c:\users\rares\desktop\geometriecomputationala\gcpolygontri\x64\debug\gcpolygontri.tlog\gcpolygontri.write.1u.tlog
c:\users\rares\desktop\geometriecomputationala\gcpolygontri\x64\debug\gcpolygontri.tlog\link.command.1.tlog
c:\users\rares\desktop\geometriecomputationala\gcpolygontri\x64\debug\gcpolygontri.tlog\link.read.1.tlog
c:\users\rares\desktop\geometriecomputationala\gcpolygontri\x64\debug\gcpolygontri.tlog\link.write.1.tlog
c:\users\rares\desktop\geometriecomputationala\gcpolygontri\x64\debug\gcpolygontri.tlog\moc.read.1u.tlog
c:\users\rares\desktop\geometriecomputationala\gcpolygontri\x64\debug\gcpolygontri.tlog\moc.write.1u.tlog
c:\users\rares\desktop\geometriecomputationala\gcpolygontri\x64\debug\gcpolygontri.tlog\rcc.read.1u.tlog
c:\users\rares\desktop\geometriecomputationala\gcpolygontri\x64\debug\gcpolygontri.tlog\rcc.write.1u.tlog
c:\users\rares\desktop\geometriecomputationala\gcpolygontri\x64\debug\gcpolygontri.tlog\uic.read.1u.tlog
c:\users\rares\desktop\geometriecomputationala\gcpolygontri\x64\debug\gcpolygontri.tlog\uic.write.1u.tlog
